{"level":"info","message":"Listening on port 3000..."}
{"level":"info","message":"Connected to MongoDB..."}
{"level":"info","message":"Listening on port 3000..."}
{"level":"info","message":"Connected to MongoDB..."}
{"level":"info","message":"Listening on port 3000..."}
{"level":"info","message":"Connected to MongoDB..."}
{"level":"error","message":"Could not connect to MongoDB MongoAPIError: URI must include hostname, domain name, and tld"}
{"level":"info","message":"Listening on port 3000..."}
{"level":"error","message":"Could not connect to MongoDB MongoAPIError: URI must include hostname, domain name, and tld"}
{"level":"info","message":"Listening on port 3000..."}
{"level":"error","message":"Could not connect to MongoDB MongoAPIError: URI must include hostname, domain name, and tld"}
{"level":"info","message":"Listening on port 3000..."}
{"level":"error","message":"Could not connect to MongoDB MongoAPIError: URI must include hostname, domain name, and tld"}
{"level":"info","message":"Listening on port 3000..."}
{"level":"info","message":"Listening on port 3000..."}
{"level":"info","message":"Listening on port 3000..."}
{"level":"error","message":"Could not connect to MongoDB MongooseServerSelectionError: connection <monitor> to 13.235.232.253:27017 closed"}
{"level":"error","message":"Could not connect to MongoDB MongooseError: The `uri` parameter to `openUri()` must be a string, got \"undefined\". Make sure the first parameter to `mongoose.connect()` or `mongoose.createConnection()` is a string."}
{"level":"info","message":"Listening on port 3000..."}
{"level":"info","message":"Listening on port 3000..."}
{"level":"info","message":"Listening on port 3000..."}
{"level":"error","message":"Could not connect to MongoDB MongooseServerSelectionError: connection <monitor> to 13.235.232.253:27017 closed"}
{"level":"info","message":"Listening on port 3000..."}
{"level":"info","message":"Connected to MongoDB..."}
{"level":"info","message":"Listening on port 3000..."}
{"level":"info","message":"Connected to MongoDB..."}
{"level":"info","message":"Listening on port 3000..."}
{"level":"error","message":"Could not connect to MongoDB MongooseServerSelectionError: connection <monitor> to 3.6.235.185:27017 closed"}
{"level":"info","message":"Listening on port 3000..."}
{"level":"error","message":"Could not connect to MongoDB MongooseServerSelectionError: connection <monitor> to 52.66.111.234:27017 closed"}
{"level":"info","message":"Listening on port 3000..."}
{"level":"error","message":"Could not connect to MongoDB MongooseServerSelectionError: connection <monitor> to 52.66.111.234:27017 closed"}
{"level":"info","message":"Listening on port 3000..."}
{"level":"info","message":"Listening on port 3000..."}
{"level":"error","message":"Could not connect to MongoDB MongooseServerSelectionError: connection <monitor> to 52.66.111.234:27017 closed"}
{"level":"info","message":"Listening on port 3000..."}
{"level":"info","message":"Listening on port 3000..."}
{"level":"info","message":"Connected to MongoDB..."}
{"level":"info","message":"Listening on port 3000..."}
{"level":"info","message":"Connected to MongoDB..."}
{"level":"info","message":"Listening on port 3000..."}
{"level":"info","message":"Connected to MongoDB..."}
{"level":"info","message":"Listening on port 3000..."}
{"level":"error","message":"Could not connect to MongoDB MongooseServerSelectionError: connection <monitor> to 52.66.111.234:27017 closed"}
{"level":"info","message":"Listening on port 3000..."}
{"level":"error","message":"Could not connect to MongoDB MongooseServerSelectionError: connection <monitor> to 52.66.111.234:27017 closed"}
{"level":"error","message":"Could not connect to MongoDB MongoParseError: Invalid scheme, expected connection string to start with \"mongodb://\" or \"mongodb+srv://\""}
{"level":"info","message":"Listening on port 3000..."}
{"level":"info","message":"Listening on port 3000..."}
{"level":"info","message":"Connected to MongoDB..."}
{"level":"info","message":"Listening on port 3000..."}
{"level":"info","message":"Connected to MongoDB..."}
{"level":"info","message":"Listening on port 3000..."}
{"level":"error","message":"Could not connect to MongoDB MongooseServerSelectionError: Could not connect to any servers in your MongoDB Atlas cluster. One common reason is that you're trying to access the database from an IP that isn't whitelisted. Make sure your current IP address is on your Atlas cluster's IP whitelist: https://docs.atlas.mongodb.com/security-whitelist/"}
{"level":"info","message":"Listening on port 3000..."}
{"level":"error","message":"Could not connect to MongoDB MongooseServerSelectionError: Could not connect to any servers in your MongoDB Atlas cluster. One common reason is that you're trying to access the database from an IP that isn't whitelisted. Make sure your current IP address is on your Atlas cluster's IP whitelist: https://docs.atlas.mongodb.com/security-whitelist/"}
{"level":"info","message":"Listening on port 3000..."}
{"level":"info","message":"Listening on port 3000..."}
{"level":"error","message":"Could not connect to MongoDB MongooseServerSelectionError: connection <monitor> to 52.66.111.234:27017 closed"}
{"level":"info","message":"Listening on port 3000..."}
{"level":"info","message":"Listening on port 3000..."}
{"level":"error","message":"Could not connect to MongoDB MongooseServerSelectionError: Could not connect to any servers in your MongoDB Atlas cluster. One common reason is that you're trying to access the database from an IP that isn't whitelisted. Make sure your current IP address is on your Atlas cluster's IP whitelist: https://docs.atlas.mongodb.com/security-whitelist/"}
{"level":"info","message":"Listening on port 3000..."}
{"level":"error","message":"Could not connect to MongoDB MongooseServerSelectionError: Could not connect to any servers in your MongoDB Atlas cluster. One common reason is that you're trying to access the database from an IP that isn't whitelisted. Make sure your current IP address is on your Atlas cluster's IP whitelist: https://docs.atlas.mongodb.com/security-whitelist/"}
{"level":"info","message":"Listening on port 3000..."}
{"level":"error","message":"Could not connect to MongoDB MongooseServerSelectionError: connection <monitor> to 35.244.7.31:27017 closed"}
{"level":"info","message":"Listening on port 3000..."}
{"level":"error","message":"Could not connect to MongoDB MongooseServerSelectionError: connection <monitor> to 35.244.7.31:27017 closed"}
{"level":"info","message":"Listening on port 3000..."}
{"level":"info","message":"Connected to MongoDB..."}
{"level":"info","message":"Listening on port 3000..."}
{"level":"info","message":"Connected to MongoDB..."}
